<?xml version="1.0" encoding="UTF-8"?>
<!-- Generated by org.testng.reporters.JUnitReportReporter -->
<testsuite skipped="0" hostname="Sudipas-MacBook-Pro.local" name="BogoProject.BogoProject.LoginTest" tests="1" failures="0" timestamp="2022-05-31T13:53:39 IST" time="22.067" errors="0">
  <testcase name="loginTesting" time="22.067" classname="BogoProject.BogoProject.LoginTest"/>
  <system-out/>
</testsuite> <!-- BogoProject.BogoProject.LoginTest -->
